2019-08-26 10:20:39.944232: I tensorflow/core/platform/cpu_feature_guard.cc:140] Your CPU supports instructions that this TensorFlow binary was not compiled to use: SSE4.1 SSE4.2 AVX AVX2 FMA
2019-08-26 10:20:40.142877: I tensorflow/core/common_runtime/gpu/gpu_device.cc:1356] Found device 0 with properties: 
name: TITAN Xp major: 6 minor: 1 memoryClockRate(GHz): 1.911
pciBusID: 0000:83:00.0
totalMemory: 11.91GiB freeMemory: 11.76GiB
2019-08-26 10:20:40.142930: I tensorflow/core/common_runtime/gpu/gpu_device.cc:1435] Adding visible gpu devices: 0
2019-08-26 10:20:40.490715: I tensorflow/core/common_runtime/gpu/gpu_device.cc:923] Device interconnect StreamExecutor with strength 1 edge matrix:
2019-08-26 10:20:40.490780: I tensorflow/core/common_runtime/gpu/gpu_device.cc:929]      0 
2019-08-26 10:20:40.490787: I tensorflow/core/common_runtime/gpu/gpu_device.cc:942] 0:   N 
2019-08-26 10:20:40.491315: I tensorflow/core/common_runtime/gpu/gpu_device.cc:1053] Created TensorFlow device (/job:localhost/replica:0/task:0/device:GPU:0 with 11387 MB memory) -> physical GPU (device: 0, name: TITAN Xp, pci bus id: 0000:83:00.0, compute capability: 6.1)
(1, 9)
(?, 28, 28)
(?, 28, 28, 1)
Model: "model_1"
_________________________________________________________________
Layer (type)                 Output Shape              Param #   
=================================================================
input_1 (InputLayer)         (None, 28, 28, 1)         0         
_________________________________________________________________
dilate_1 (dilate)            (None, 28, 28, 1)         793       
=================================================================
Total params: 793
Trainable params: 793
Non-trainable params: 0
_________________________________________________________________
[[0 1 0]
 [1 1 1]
 [0 1 0]]
Epoch 1/20

   64/20000 [..............................] - ETA: 5:26 - loss: 0.1825
  896/20000 [>.............................] - ETA: 23s - loss: 0.0587 
 1728/20000 [=>............................] - ETA: 12s - loss: 0.0387
 2496/20000 [==>...........................] - ETA: 8s - loss: 0.0316 
 3264/20000 [===>..........................] - ETA: 6s - loss: 0.0276
 4096/20000 [=====>........................] - ETA: 5s - loss: 0.0247
 5056/20000 [======>.......................] - ETA: 4s - loss: 0.0224
 6208/20000 [========>.....................] - ETA: 3s - loss: 0.0203
 7552/20000 [==========>...................] - ETA: 2s - loss: 0.0185
 8704/20000 [============>.................] - ETA: 1s - loss: 0.0173
 9792/20000 [=============>................] - ETA: 1s - loss: 0.0164
11008/20000 [===============>..............] - ETA: 1s - loss: 0.0155
12480/20000 [=================>............] - ETA: 1s - loss: 0.0148
13952/20000 [===================>..........] - ETA: 0s - loss: 0.0141
14976/20000 [=====================>........] - ETA: 0s - loss: 0.0137
16448/20000 [=======================>......] - ETA: 0s - loss: 0.0133
17920/20000 [=========================>....] - ETA: 0s - loss: 0.0129
19392/20000 [============================>.] - ETA: 0s - loss: 0.0126
20000/20000 [==============================] - 2s 97us/step - loss: 0.0124
Epoch 2/20

   64/20000 [..............................] - ETA: 1s - loss: 0.0081
 1280/20000 [>.............................] - ETA: 0s - loss: 0.0083
 2432/20000 [==>...........................] - ETA: 0s - loss: 0.0084
 3648/20000 [====>.........................] - ETA: 0s - loss: 0.0084
 4992/20000 [======>.......................] - ETA: 0s - loss: 0.0083
 6016/20000 [========>.....................] - ETA: 0s - loss: 0.0083
 7232/20000 [=========>....................] - ETA: 0s - loss: 0.0083
 8320/20000 [===========>..................] - ETA: 0s - loss: 0.0082
 9600/20000 [=============>................] - ETA: 0s - loss: 0.0082
10688/20000 [===============>..............] - ETA: 0s - loss: 0.0082
11776/20000 [================>.............] - ETA: 0s - loss: 0.0081
12864/20000 [==================>...........] - ETA: 0s - loss: 0.0081
13824/20000 [===================>..........] - ETA: 0s - loss: 0.0081
14976/20000 [=====================>........] - ETA: 0s - loss: 0.0081
16640/20000 [=======================>......] - ETA: 0s - loss: 0.0080
18560/20000 [==========================>...] - ETA: 0s - loss: 0.0080
20000/20000 [==============================] - 1s 41us/step - loss: 0.0080
Epoch 3/20

   64/20000 [..............................] - ETA: 0s - loss: 0.0079
 1984/20000 [=>............................] - ETA: 0s - loss: 0.0077
 3904/20000 [====>.........................] - ETA: 0s - loss: 0.0077
 5824/20000 [=======>......................] - ETA: 0s - loss: 0.0077
 7744/20000 [==========>...................] - ETA: 0s - loss: 0.0076
 9408/20000 [=============>................] - ETA: 0s - loss: 0.0076
10368/20000 [==============>...............] - ETA: 0s - loss: 0.0076
11456/20000 [================>.............] - ETA: 0s - loss: 0.0076
12672/20000 [==================>...........] - ETA: 0s - loss: 0.0076
13696/20000 [===================>..........] - ETA: 0s - loss: 0.0076
14656/20000 [====================>.........] - ETA: 0s - loss: 0.0076
15552/20000 [======================>.......] - ETA: 0s - loss: 0.0076
16384/20000 [=======================>......] - ETA: 0s - loss: 0.0076
17216/20000 [========================>.....] - ETA: 0s - loss: 0.0076
17984/20000 [=========================>....] - ETA: 0s - loss: 0.0076
18816/20000 [===========================>..] - ETA: 0s - loss: 0.0076
19712/20000 [============================>.] - ETA: 0s - loss: 0.0076
20000/20000 [==============================] - 1s 42us/step - loss: 0.0076
Epoch 4/20

   64/20000 [..............................] - ETA: 1s - loss: 0.0075
  960/20000 [>.............................] - ETA: 1s - loss: 0.0074
 1792/20000 [=>............................] - ETA: 1s - loss: 0.0075
 2688/20000 [===>..........................] - ETA: 1s - loss: 0.0075
 3584/20000 [====>.........................] - ETA: 0s - loss: 0.0075
 4416/20000 [=====>........................] - ETA: 0s - loss: 0.0075
 5184/20000 [======>.......................] - ETA: 0s - loss: 0.0075
 5952/20000 [=======>......................] - ETA: 0s - loss: 0.0075
 6720/20000 [=========>....................] - ETA: 0s - loss: 0.0075
 7552/20000 [==========>...................] - ETA: 0s - loss: 0.0075
 8320/20000 [===========>..................] - ETA: 0s - loss: 0.0075
 9024/20000 [============>.................] - ETA: 0s - loss: 0.0075
 9728/20000 [=============>................] - ETA: 0s - loss: 0.0075
10496/20000 [==============>...............] - ETA: 0s - loss: 0.0075
11264/20000 [===============>..............] - ETA: 0s - loss: 0.0075
12032/20000 [=================>............] - ETA: 0s - loss: 0.0075
12800/20000 [==================>...........] - ETA: 0s - loss: 0.0075
13568/20000 [===================>..........] - ETA: 0s - loss: 0.0075
14336/20000 [====================>.........] - ETA: 0s - loss: 0.0075
15104/20000 [=====================>........] - ETA: 0s - loss: 0.0075
15872/20000 [======================>.......] - ETA: 0s - loss: 0.0075
16640/20000 [=======================>......] - ETA: 0s - loss: 0.0075
17472/20000 [=========================>....] - ETA: 0s - loss: 0.0075
18304/20000 [==========================>...] - ETA: 0s - loss: 0.0075
19200/20000 [===========================>..] - ETA: 0s - loss: 0.0075
20000/20000 [==============================] - 1s 64us/step - loss: 0.0075
Epoch 5/20

   64/20000 [..............................] - ETA: 1s - loss: 0.0075
 1088/20000 [>.............................] - ETA: 0s - loss: 0.0075
 2112/20000 [==>...........................] - ETA: 0s - loss: 0.0075
 3200/20000 [===>..........................] - ETA: 0s - loss: 0.0075
 4416/20000 [=====>........................] - ETA: 0s - loss: 0.0075
 5504/20000 [=======>......................] - ETA: 0s - loss: 0.0075
 6528/20000 [========>.....................] - ETA: 0s - loss: 0.0075
 7424/20000 [==========>...................] - ETA: 0s - loss: 0.0075
 8320/20000 [===========>..................] - ETA: 0s - loss: 0.0075
 9088/20000 [============>.................] - ETA: 0s - loss: 0.0074
 9792/20000 [=============>................] - ETA: 0s - loss: 0.0074
10560/20000 [==============>...............] - ETA: 0s - loss: 0.0074
11328/20000 [===============>..............] - ETA: 0s - loss: 0.0074
12160/20000 [=================>............] - ETA: 0s - loss: 0.0074
12928/20000 [==================>...........] - ETA: 0s - loss: 0.0074
13696/20000 [===================>..........] - ETA: 0s - loss: 0.0074
14464/20000 [====================>.........] - ETA: 0s - loss: 0.0074
15232/20000 [=====================>........] - ETA: 0s - loss: 0.0074
16000/20000 [=======================>......] - ETA: 0s - loss: 0.0074
16832/20000 [========================>.....] - ETA: 0s - loss: 0.0074
17600/20000 [=========================>....] - ETA: 0s - loss: 0.0074
18496/20000 [==========================>...] - ETA: 0s - loss: 0.0074
19264/20000 [===========================>..] - ETA: 0s - loss: 0.0074
20000/20000 [==============================] - 1s 59us/step - loss: 0.0074
Epoch 6/20

   64/20000 [..............................] - ETA: 1s - loss: 0.0070
  960/20000 [>.............................] - ETA: 1s - loss: 0.0071
 1920/20000 [=>............................] - ETA: 1s - loss: 0.0071
 2816/20000 [===>..........................] - ETA: 0s - loss: 0.0070
 3776/20000 [====>.........................] - ETA: 0s - loss: 0.0069
 4864/20000 [======>.......................] - ETA: 0s - loss: 0.0067
 6208/20000 [========>.....................] - ETA: 0s - loss: 0.0064
 7232/20000 [=========>....................] - ETA: 0s - loss: 0.0061
 8576/20000 [===========>..................] - ETA: 0s - loss: 0.0058
 9984/20000 [=============>................] - ETA: 0s - loss: 0.0056
11136/20000 [===============>..............] - ETA: 0s - loss: 0.0054
12288/20000 [=================>............] - ETA: 0s - loss: 0.0053
13504/20000 [===================>..........] - ETA: 0s - loss: 0.0052
14656/20000 [====================>.........] - ETA: 0s - loss: 0.0051
15936/20000 [======================>.......] - ETA: 0s - loss: 0.0050
17280/20000 [========================>.....] - ETA: 0s - loss: 0.0049
18560/20000 [==========================>...] - ETA: 0s - loss: 0.0048
19904/20000 [============================>.] - ETA: 0s - loss: 0.0047
20000/20000 [==============================] - 1s 44us/step - loss: 0.0047
Epoch 7/20

   64/20000 [..............................] - ETA: 0s - loss: 0.0037
 1152/20000 [>.............................] - ETA: 0s - loss: 0.0037
 2432/20000 [==>...........................] - ETA: 0s - loss: 0.0036
 3840/20000 [====>.........................] - ETA: 0s - loss: 0.0037
 5120/20000 [======>.......................] - ETA: 0s - loss: 0.0037
 6400/20000 [========>.....................] - ETA: 0s - loss: 0.0037
 7808/20000 [==========>...................] - ETA: 0s - loss: 0.0037
 9024/20000 [============>.................] - ETA: 0s - loss: 0.0037
10176/20000 [==============>...............] - ETA: 0s - loss: 0.0037
11776/20000 [================>.............] - ETA: 0s - loss: 0.0037
13056/20000 [==================>...........] - ETA: 0s - loss: 0.0037
14272/20000 [====================>.........] - ETA: 0s - loss: 0.0037
15808/20000 [======================>.......] - ETA: 0s - loss: 0.0037
16960/20000 [========================>.....] - ETA: 0s - loss: 0.0037
18112/20000 [==========================>...] - ETA: 0s - loss: 0.0037
19264/20000 [===========================>..] - ETA: 0s - loss: 0.0037
20000/20000 [==============================] - 1s 40us/step - loss: 0.0037
Epoch 8/20

   64/20000 [..............................] - ETA: 1s - loss: 0.0036
 1408/20000 [=>............................] - ETA: 0s - loss: 0.0036
 2368/20000 [==>...........................] - ETA: 0s - loss: 0.0036
 3328/20000 [===>..........................] - ETA: 0s - loss: 0.0036
 4288/20000 [=====>........................] - ETA: 0s - loss: 0.0036
 5248/20000 [======>.......................] - ETA: 0s - loss: 0.0036
 6272/20000 [========>.....................] - ETA: 0s - loss: 0.0036
 7232/20000 [=========>....................] - ETA: 0s - loss: 0.0036
 8320/20000 [===========>..................] - ETA: 0s - loss: 0.0036
 9280/20000 [============>.................] - ETA: 0s - loss: 0.0036
10176/20000 [==============>...............] - ETA: 0s - loss: 0.0036
11072/20000 [===============>..............] - ETA: 0s - loss: 0.0036
11904/20000 [================>.............] - ETA: 0s - loss: 0.0036
12800/20000 [==================>...........] - ETA: 0s - loss: 0.0036
13568/20000 [===================>..........] - ETA: 0s - loss: 0.0036
14336/20000 [====================>.........] - ETA: 0s - loss: 0.0036
15168/20000 [=====================>........] - ETA: 0s - loss: 0.0036
16000/20000 [=======================>......] - ETA: 0s - loss: 0.0036
16832/20000 [========================>.....] - ETA: 0s - loss: 0.0036
17600/20000 [=========================>....] - ETA: 0s - loss: 0.0036
18496/20000 [==========================>...] - ETA: 0s - loss: 0.0036
19392/20000 [============================>.] - ETA: 0s - loss: 0.0036
20000/20000 [==============================] - 1s 57us/step - loss: 0.0036
Epoch 9/20

   64/20000 [..............................] - ETA: 1s - loss: 0.0037
  832/20000 [>.............................] - ETA: 1s - loss: 0.0036
 1536/20000 [=>............................] - ETA: 1s - loss: 0.0036
 2304/20000 [==>...........................] - ETA: 1s - loss: 0.0036
 3136/20000 [===>..........................] - ETA: 1s - loss: 0.0036
 4096/20000 [=====>........................] - ETA: 1s - loss: 0.0036
 5120/20000 [======>.......................] - ETA: 0s - loss: 0.0036
 6208/20000 [========>.....................] - ETA: 0s - loss: 0.0036
 7104/20000 [=========>....................] - ETA: 0s - loss: 0.0036
 8000/20000 [===========>..................] - ETA: 0s - loss: 0.0036
 8896/20000 [============>.................] - ETA: 0s - loss: 0.0036
 9728/20000 [=============>................] - ETA: 0s - loss: 0.0036
10496/20000 [==============>...............] - ETA: 0s - loss: 0.0036
11200/20000 [===============>..............] - ETA: 0s - loss: 0.0036
12032/20000 [=================>............] - ETA: 0s - loss: 0.0036
12800/20000 [==================>...........] - ETA: 0s - loss: 0.0036
13504/20000 [===================>..........] - ETA: 0s - loss: 0.0036
14208/20000 [====================>.........] - ETA: 0s - loss: 0.0036
14976/20000 [=====================>........] - ETA: 0s - loss: 0.0036
15744/20000 [======================>.......] - ETA: 0s - loss: 0.0036
16448/20000 [=======================>......] - ETA: 0s - loss: 0.0036
17216/20000 [========================>.....] - ETA: 0s - loss: 0.0036
17984/20000 [=========================>....] - ETA: 0s - loss: 0.0036
18752/20000 [===========================>..] - ETA: 0s - loss: 0.0036
19584/20000 [============================>.] - ETA: 0s - loss: 0.0036
20000/20000 [==============================] - 1s 64us/step - loss: 0.0036
Epoch 10/20

   64/20000 [..............................] - ETA: 1s - loss: 0.0036
  896/20000 [>.............................] - ETA: 1s - loss: 0.0036
 1664/20000 [=>............................] - ETA: 1s - loss: 0.0036
 2432/20000 [==>...........................] - ETA: 1s - loss: 0.0036
 3264/20000 [===>..........................] - ETA: 1s - loss: 0.0036
 3904/20000 [====>.........................] - ETA: 1s - loss: 0.0036
 4672/20000 [======>.......................] - ETA: 1s - loss: 0.0036
 5376/20000 [=======>......................] - ETA: 1s - loss: 0.0036
 6080/20000 [========>.....................] - ETA: 0s - loss: 0.0036
 6848/20000 [=========>....................] - ETA: 0s - loss: 0.0036
 7680/20000 [==========>...................] - ETA: 0s - loss: 0.0036
 8512/20000 [===========>..................] - ETA: 0s - loss: 0.0036
 9344/20000 [=============>................] - ETA: 0s - loss: 0.0036
10304/20000 [==============>...............] - ETA: 0s - loss: 0.0036
11328/20000 [===============>..............] - ETA: 0s - loss: 0.0036
12352/20000 [=================>............] - ETA: 0s - loss: 0.0036
13440/20000 [===================>..........] - ETA: 0s - loss: 0.0036
14400/20000 [====================>.........] - ETA: 0s - loss: 0.0036
15424/20000 [======================>.......] - ETA: 0s - loss: 0.0036
16320/20000 [=======================>......] - ETA: 0s - loss: 0.0036
17216/20000 [========================>.....] - ETA: 0s - loss: 0.0036
18112/20000 [==========================>...] - ETA: 0s - loss: 0.0036
18944/20000 [===========================>..] - ETA: 0s - loss: 0.0036
19840/20000 [============================>.] - ETA: 0s - loss: 0.0036
20000/20000 [==============================] - 1s 60us/step - loss: 0.0036
Epoch 11/20

   64/20000 [..............................] - ETA: 1s - loss: 0.0035
 1024/20000 [>.............................] - ETA: 1s - loss: 0.0036
 1984/20000 [=>............................] - ETA: 0s - loss: 0.0036
 3072/20000 [===>..........................] - ETA: 0s - loss: 0.0036
 4096/20000 [=====>........................] - ETA: 0s - loss: 0.0036
 4992/20000 [======>.......................] - ETA: 0s - loss: 0.0036
 5952/20000 [=======>......................] - ETA: 0s - loss: 0.0036
 6784/20000 [=========>....................] - ETA: 0s - loss: 0.0036
 7552/20000 [==========>...................] - ETA: 0s - loss: 0.0036
 8320/20000 [===========>..................] - ETA: 0s - loss: 0.0036
 9088/20000 [============>.................] - ETA: 0s - loss: 0.0036
 9856/20000 [=============>................] - ETA: 0s - loss: 0.0036
10432/20000 [==============>...............] - ETA: 0s - loss: 0.0036
11072/20000 [===============>..............] - ETA: 0s - loss: 0.0036
11712/20000 [================>.............] - ETA: 0s - loss: 0.0036
12416/20000 [=================>............] - ETA: 0s - loss: 0.0036
13056/20000 [==================>...........] - ETA: 0s - loss: 0.0036
13696/20000 [===================>..........] - ETA: 0s - loss: 0.0036
14400/20000 [====================>.........] - ETA: 0s - loss: 0.0036
15168/20000 [=====================>........] - ETA: 0s - loss: 0.0036
15936/20000 [======================>.......] - ETA: 0s - loss: 0.0036
16768/20000 [========================>.....] - ETA: 0s - loss: 0.0036
17664/20000 [=========================>....] - ETA: 0s - loss: 0.0036
18496/20000 [==========================>...] - ETA: 0s - loss: 0.0036
19456/20000 [============================>.] - ETA: 0s - loss: 0.0036
20000/20000 [==============================] - 1s 64us/step - loss: 0.0036
Epoch 12/20

   64/20000 [..............................] - ETA: 1s - loss: 0.0037
  960/20000 [>.............................] - ETA: 1s - loss: 0.0036
 1856/20000 [=>............................] - ETA: 1s - loss: 0.0036
 2816/20000 [===>..........................] - ETA: 0s - loss: 0.0036
 3840/20000 [====>.........................] - ETA: 0s - loss: 0.0036
 4800/20000 [======>.......................] - ETA: 0s - loss: 0.0036
 5696/20000 [=======>......................] - ETA: 0s - loss: 0.0036
 6656/20000 [========>.....................] - ETA: 0s - loss: 0.0036
 7680/20000 [==========>...................] - ETA: 0s - loss: 0.0036
 8640/20000 [===========>..................] - ETA: 0s - loss: 0.0036
 9664/20000 [=============>................] - ETA: 0s - loss: 0.0036
10560/20000 [==============>...............] - ETA: 0s - loss: 0.0036
11456/20000 [================>.............] - ETA: 0s - loss: 0.0036
12288/20000 [=================>............] - ETA: 0s - loss: 0.0036
13184/20000 [==================>...........] - ETA: 0s - loss: 0.0036
13952/20000 [===================>..........] - ETA: 0s - loss: 0.0036
14784/20000 [=====================>........] - ETA: 0s - loss: 0.0036
15616/20000 [======================>.......] - ETA: 0s - loss: 0.0036
16320/20000 [=======================>......] - ETA: 0s - loss: 0.0036
17088/20000 [========================>.....] - ETA: 0s - loss: 0.0036
17920/20000 [=========================>....] - ETA: 0s - loss: 0.0036
18688/20000 [===========================>..] - ETA: 0s - loss: 0.0036
19520/20000 [============================>.] - ETA: 0s - loss: 0.0036
20000/20000 [==============================] - 1s 59us/step - loss: 0.0036
Epoch 13/20

   64/20000 [..............................] - ETA: 1s - loss: 0.0036
  704/20000 [>.............................] - ETA: 1s - loss: 0.0036
 1408/20000 [=>............................] - ETA: 1s - loss: 0.0036
 2112/20000 [==>...........................] - ETA: 1s - loss: 0.0036
 2816/20000 [===>..........................] - ETA: 1s - loss: 0.0036
 3520/20000 [====>.........................] - ETA: 1s - loss: 0.0036
 4288/20000 [=====>........................] - ETA: 1s - loss: 0.0036
 4928/20000 [======>.......................] - ETA: 1s - loss: 0.0036
 5632/20000 [=======>......................] - ETA: 1s - loss: 0.0036
 6336/20000 [========>.....................] - ETA: 1s - loss: 0.0036
 7040/20000 [=========>....................] - ETA: 0s - loss: 0.0036
 7872/20000 [==========>...................] - ETA: 0s - loss: 0.0036
 8640/20000 [===========>..................] - ETA: 0s - loss: 0.0036
 9408/20000 [=============>................] - ETA: 0s - loss: 0.0036
10240/20000 [==============>...............] - ETA: 0s - loss: 0.0036
11136/20000 [===============>..............] - ETA: 0s - loss: 0.0036
12096/20000 [=================>............] - ETA: 0s - loss: 0.0036
13056/20000 [==================>...........] - ETA: 0s - loss: 0.0036
14080/20000 [====================>.........] - ETA: 0s - loss: 0.0036
15104/20000 [=====================>........] - ETA: 0s - loss: 0.0036
16000/20000 [=======================>......] - ETA: 0s - loss: 0.0036
16896/20000 [========================>.....] - ETA: 0s - loss: 0.0036
17728/20000 [=========================>....] - ETA: 0s - loss: 0.0036
18496/20000 [==========================>...] - ETA: 0s - loss: 0.0036
19328/20000 [===========================>..] - ETA: 0s - loss: 0.0036
20000/20000 [==============================] - 1s 65us/step - loss: 0.0036
Epoch 14/20

   64/20000 [..............................] - ETA: 1s - loss: 0.0035
  896/20000 [>.............................] - ETA: 1s - loss: 0.0036
 1792/20000 [=>............................] - ETA: 1s - loss: 0.0036
 2624/20000 [==>...........................] - ETA: 1s - loss: 0.0036
 3392/20000 [====>.........................] - ETA: 1s - loss: 0.0036
 4224/20000 [=====>........................] - ETA: 0s - loss: 0.0036
 4928/20000 [======>.......................] - ETA: 0s - loss: 0.0036
 5760/20000 [=======>......................] - ETA: 0s - loss: 0.0036
 6592/20000 [========>.....................] - ETA: 0s - loss: 0.0036
 7360/20000 [==========>...................] - ETA: 0s - loss: 0.0036
 8192/20000 [===========>..................] - ETA: 0s - loss: 0.0036
 9088/20000 [============>.................] - ETA: 0s - loss: 0.0036
 9984/20000 [=============>................] - ETA: 0s - loss: 0.0036
11072/20000 [===============>..............] - ETA: 0s - loss: 0.0036
11904/20000 [================>.............] - ETA: 0s - loss: 0.0036
12800/20000 [==================>...........] - ETA: 0s - loss: 0.0036
13696/20000 [===================>..........] - ETA: 0s - loss: 0.0036
14464/20000 [====================>.........] - ETA: 0s - loss: 0.0036
15232/20000 [=====================>........] - ETA: 0s - loss: 0.0036
15936/20000 [======================>.......] - ETA: 0s - loss: 0.0036
16640/20000 [=======================>......] - ETA: 0s - loss: 0.0036
17344/20000 [=========================>....] - ETA: 0s - loss: 0.0036
18112/20000 [==========================>...] - ETA: 0s - loss: 0.0036
18816/20000 [===========================>..] - ETA: 0s - loss: 0.0036
19584/20000 [============================>.] - ETA: 0s - loss: 0.0036
20000/20000 [==============================] - 1s 64us/step - loss: 0.0036
Epoch 15/20

   64/20000 [..............................] - ETA: 1s - loss: 0.0038
  960/20000 [>.............................] - ETA: 1s - loss: 0.0036
 1792/20000 [=>............................] - ETA: 1s - loss: 0.0036
 2496/20000 [==>...........................] - ETA: 1s - loss: 0.0036
 3200/20000 [===>..........................] - ETA: 1s - loss: 0.0036
 3840/20000 [====>.........................] - ETA: 1s - loss: 0.0036
 4608/20000 [=====>........................] - ETA: 1s - loss: 0.0036
 5376/20000 [=======>......................] - ETA: 1s - loss: 0.0036
 6144/20000 [========>.....................] - ETA: 0s - loss: 0.0036
 6912/20000 [=========>....................] - ETA: 0s - loss: 0.0036
 7616/20000 [==========>...................] - ETA: 0s - loss: 0.0036
 8384/20000 [===========>..................] - ETA: 0s - loss: 0.0036
 9152/20000 [============>.................] - ETA: 0s - loss: 0.0036
 9984/20000 [=============>................] - ETA: 0s - loss: 0.0036
10752/20000 [===============>..............] - ETA: 0s - loss: 0.0036
11392/20000 [================>.............] - ETA: 0s - loss: 0.0036
12096/20000 [=================>............] - ETA: 0s - loss: 0.0036
12800/20000 [==================>...........] - ETA: 0s - loss: 0.0036
13632/20000 [===================>..........] - ETA: 0s - loss: 0.0036
14336/20000 [====================>.........] - ETA: 0s - loss: 0.0036
15040/20000 [=====================>........] - ETA: 0s - loss: 0.0036
15808/20000 [======================>.......] - ETA: 0s - loss: 0.0036
16576/20000 [=======================>......] - ETA: 0s - loss: 0.0036
17344/20000 [=========================>....] - ETA: 0s - loss: 0.0036
18112/20000 [==========================>...] - ETA: 0s - loss: 0.0036
18880/20000 [===========================>..] - ETA: 0s - loss: 0.0036
19584/20000 [============================>.] - ETA: 0s - loss: 0.0036
20000/20000 [==============================] - 1s 70us/step - loss: 0.0036
Epoch 16/20

   64/20000 [..............................] - ETA: 1s - loss: 0.0036
  832/20000 [>.............................] - ETA: 1s - loss: 0.0036
 1600/20000 [=>............................] - ETA: 1s - loss: 0.0036
 2432/20000 [==>...........................] - ETA: 1s - loss: 0.0036
 3200/20000 [===>..........................] - ETA: 1s - loss: 0.0036
 4032/20000 [=====>........................] - ETA: 1s - loss: 0.0036
 4864/20000 [======>.......................] - ETA: 0s - loss: 0.0036
 5696/20000 [=======>......................] - ETA: 0s - loss: 0.0036
 6592/20000 [========>.....................] - ETA: 0s - loss: 0.0036
 7552/20000 [==========>...................] - ETA: 0s - loss: 0.0036
 8448/20000 [===========>..................] - ETA: 0s - loss: 0.0036
 9472/20000 [=============>................] - ETA: 0s - loss: 0.0036
10368/20000 [==============>...............] - ETA: 0s - loss: 0.0036
11264/20000 [===============>..............] - ETA: 0s - loss: 0.0036
12160/20000 [=================>............] - ETA: 0s - loss: 0.0036
13056/20000 [==================>...........] - ETA: 0s - loss: 0.0036
13888/20000 [===================>..........] - ETA: 0s - loss: 0.0036
14720/20000 [=====================>........] - ETA: 0s - loss: 0.0036
15552/20000 [======================>.......] - ETA: 0s - loss: 0.0036
16384/20000 [=======================>......] - ETA: 0s - loss: 0.0036
17216/20000 [========================>.....] - ETA: 0s - loss: 0.0036
17984/20000 [=========================>....] - ETA: 0s - loss: 0.0036
18880/20000 [===========================>..] - ETA: 0s - loss: 0.0036
19712/20000 [============================>.] - ETA: 0s - loss: 0.0036
20000/20000 [==============================] - 1s 62us/step - loss: 0.0036
Epoch 17/20

   64/20000 [..............................] - ETA: 1s - loss: 0.0035
  832/20000 [>.............................] - ETA: 1s - loss: 0.0037
 1664/20000 [=>............................] - ETA: 1s - loss: 0.0036
 2496/20000 [==>...........................] - ETA: 1s - loss: 0.0036
 3328/20000 [===>..........................] - ETA: 1s - loss: 0.0036
 4096/20000 [=====>........................] - ETA: 1s - loss: 0.0036
 4928/20000 [======>.......................] - ETA: 0s - loss: 0.0036
 5696/20000 [=======>......................] - ETA: 0s - loss: 0.0036
 6400/20000 [========>.....................] - ETA: 0s - loss: 0.0036
 7168/20000 [=========>....................] - ETA: 0s - loss: 0.0036
 7936/20000 [==========>...................] - ETA: 0s - loss: 0.0036
 8704/20000 [============>.................] - ETA: 0s - loss: 0.0036
 9536/20000 [=============>................] - ETA: 0s - loss: 0.0036
10176/20000 [==============>...............] - ETA: 0s - loss: 0.0036
10880/20000 [===============>..............] - ETA: 0s - loss: 0.0036
11520/20000 [================>.............] - ETA: 0s - loss: 0.0036
12160/20000 [=================>............] - ETA: 0s - loss: 0.0036
12800/20000 [==================>...........] - ETA: 0s - loss: 0.0036
13440/20000 [===================>..........] - ETA: 0s - loss: 0.0036
14144/20000 [====================>.........] - ETA: 0s - loss: 0.0036
14848/20000 [=====================>........] - ETA: 0s - loss: 0.0036
15552/20000 [======================>.......] - ETA: 0s - loss: 0.0036
16256/20000 [=======================>......] - ETA: 0s - loss: 0.0036
16960/20000 [========================>.....] - ETA: 0s - loss: 0.0036
17792/20000 [=========================>....] - ETA: 0s - loss: 0.0036
18560/20000 [==========================>...] - ETA: 0s - loss: 0.0036
19392/20000 [============================>.] - ETA: 0s - loss: 0.0036
20000/20000 [==============================] - 1s 70us/step - loss: 0.0036
Epoch 18/20

   64/20000 [..............................] - ETA: 1s - loss: 0.0033
  768/20000 [>.............................] - ETA: 1s - loss: 0.0035
 1536/20000 [=>............................] - ETA: 1s - loss: 0.0036
 2304/20000 [==>...........................] - ETA: 1s - loss: 0.0035
 3072/20000 [===>..........................] - ETA: 1s - loss: 0.0035
 3840/20000 [====>.........................] - ETA: 1s - loss: 0.0035
 4608/20000 [=====>........................] - ETA: 1s - loss: 0.0036
 5376/20000 [=======>......................] - ETA: 1s - loss: 0.0035
 6080/20000 [========>.....................] - ETA: 0s - loss: 0.0035
 6848/20000 [=========>....................] - ETA: 0s - loss: 0.0035
 7552/20000 [==========>...................] - ETA: 0s - loss: 0.0035
 8448/20000 [===========>..................] - ETA: 0s - loss: 0.0035
 9344/20000 [=============>................] - ETA: 0s - loss: 0.0035
10112/20000 [==============>...............] - ETA: 0s - loss: 0.0035
10816/20000 [===============>..............] - ETA: 0s - loss: 0.0036
11520/20000 [================>.............] - ETA: 0s - loss: 0.0036
12224/20000 [=================>............] - ETA: 0s - loss: 0.0036
12992/20000 [==================>...........] - ETA: 0s - loss: 0.0036
13696/20000 [===================>..........] - ETA: 0s - loss: 0.0035
14400/20000 [====================>.........] - ETA: 0s - loss: 0.0035
15104/20000 [=====================>........] - ETA: 0s - loss: 0.0035
15808/20000 [======================>.......] - ETA: 0s - loss: 0.0035
16512/20000 [=======================>......] - ETA: 0s - loss: 0.0035
17216/20000 [========================>.....] - ETA: 0s - loss: 0.0035
17920/20000 [=========================>....] - ETA: 0s - loss: 0.0035
18624/20000 [==========================>...] - ETA: 0s - loss: 0.0035
19456/20000 [============================>.] - ETA: 0s - loss: 0.0035
20000/20000 [==============================] - 1s 70us/step - loss: 0.0035
Epoch 19/20

   64/20000 [..............................] - ETA: 1s - loss: 0.0035
  832/20000 [>.............................] - ETA: 1s - loss: 0.0035
 1600/20000 [=>............................] - ETA: 1s - loss: 0.0035
 2496/20000 [==>...........................] - ETA: 1s - loss: 0.0035
 3328/20000 [===>..........................] - ETA: 1s - loss: 0.0035
 4224/20000 [=====>........................] - ETA: 0s - loss: 0.0035
 5184/20000 [======>.......................] - ETA: 0s - loss: 0.0035
 6080/20000 [========>.....................] - ETA: 0s - loss: 0.0035
 6976/20000 [=========>....................] - ETA: 0s - loss: 0.0035
 7808/20000 [==========>...................] - ETA: 0s - loss: 0.0035
 8640/20000 [===========>..................] - ETA: 0s - loss: 0.0035
 9536/20000 [=============>................] - ETA: 0s - loss: 0.0035
10240/20000 [==============>...............] - ETA: 0s - loss: 0.0035
11072/20000 [===============>..............] - ETA: 0s - loss: 0.0035
11904/20000 [================>.............] - ETA: 0s - loss: 0.0035
12800/20000 [==================>...........] - ETA: 0s - loss: 0.0035
13696/20000 [===================>..........] - ETA: 0s - loss: 0.0035
14528/20000 [====================>.........] - ETA: 0s - loss: 0.0035
15360/20000 [======================>.......] - ETA: 0s - loss: 0.0035
16128/20000 [=======================>......] - ETA: 0s - loss: 0.0035
16960/20000 [========================>.....] - ETA: 0s - loss: 0.0035
17792/20000 [=========================>....] - ETA: 0s - loss: 0.0035
18560/20000 [==========================>...] - ETA: 0s - loss: 0.0035
19328/20000 [===========================>..] - ETA: 0s - loss: 0.0035
20000/20000 [==============================] - 1s 62us/step - loss: 0.0035
Epoch 20/20

   64/20000 [..............................] - ETA: 1s - loss: 0.0029
  896/20000 [>.............................] - ETA: 1s - loss: 0.0030
 1664/20000 [=>............................] - ETA: 1s - loss: 0.0029
 2432/20000 [==>...........................] - ETA: 1s - loss: 0.0028
 3264/20000 [===>..........................] - ETA: 1s - loss: 0.0026
 4032/20000 [=====>........................] - ETA: 1s - loss: 0.0024
 4736/20000 [======>.......................] - ETA: 1s - loss: 0.0022
 5504/20000 [=======>......................] - ETA: 0s - loss: 0.0020
 6208/20000 [========>.....................] - ETA: 0s - loss: 0.0019
 6912/20000 [=========>....................] - ETA: 0s - loss: 0.0018
 7680/20000 [==========>...................] - ETA: 0s - loss: 0.0016
 8384/20000 [===========>..................] - ETA: 0s - loss: 0.0015
 9088/20000 [============>.................] - ETA: 0s - loss: 0.0015
 9856/20000 [=============>................] - ETA: 0s - loss: 0.0014
10688/20000 [===============>..............] - ETA: 0s - loss: 0.0013
11456/20000 [================>.............] - ETA: 0s - loss: 0.0012
12288/20000 [=================>............] - ETA: 0s - loss: 0.0012
13056/20000 [==================>...........] - ETA: 0s - loss: 0.0011
13760/20000 [===================>..........] - ETA: 0s - loss: 0.0011
14528/20000 [====================>.........] - ETA: 0s - loss: 0.0010
15232/20000 [=====================>........] - ETA: 0s - loss: 0.0010
16000/20000 [=======================>......] - ETA: 0s - loss: 9.7536e-04
16768/20000 [========================>.....] - ETA: 0s - loss: 9.4239e-04
17600/20000 [=========================>....] - ETA: 0s - loss: 9.0956e-04
18432/20000 [==========================>...] - ETA: 0s - loss: 8.7869e-04
19136/20000 [===========================>..] - ETA: 0s - loss: 8.5450e-04
19904/20000 [============================>.] - ETA: 0s - loss: 8.2983e-04
20000/20000 [==============================] - 1s 69us/step - loss: 8.2689e-04
/home/CVL1/anaconda3/envs/dashuai/lib/python3.6/site-packages/h5py/__init__.py:36: FutureWarning: Conversion of the second argument of issubdtype from `float` to `np.floating` is deprecated. In future, it will be treated as `np.float64 == np.dtype(float).type`.
  from ._conv import register_converters as _register_converters
Using TensorFlow backend.
whoops!
[[0.19851227 1.0262449  0.05735618]
 [1.0261805  0.01896337 1.0255886 ]
 [0.35002047 1.0270131  0.05518538]]
